<?xml version="1.0" encoding="UTF-8"?>
<testsuite name="com.healyn.auth.service.PasswordHasherTest" tests="4" skipped="0" failures="0" errors="0" timestamp="2026-06-06T05:42:19" hostname="LAPTOP-7J416IAG" time="1.599">
  <properties/>
  <testcase name="matches_returns_false_for_wrong_password()" classname="com.healyn.auth.service.PasswordHasherTest" time="0.539"/>
  <testcase name="blank_pepper_is_rejected()" classname="com.healyn.auth.service.PasswordHasherTest" time="0.001"/>
  <testcase name="salts_differ_per_call_for_same_password()" classname="com.healyn.auth.service.PasswordHasherTest" time="0.526"/>
  <testcase name="hash_then_matches_returns_true()" classname="com.healyn.auth.service.PasswordHasherTest" time="0.53"/>
  <system-out><![CDATA[]]></system-out>
  <system-err><![CDATA[]]></system-err>
</testsuite>
