<?xml version="1.0" encoding="UTF-8"?>
<testsuite name="com.healyn.files.FileIntegrationTest" tests="5" skipped="0" failures="0" errors="0" timestamp="2026-06-06T05:43:07" hostname="LAPTOP-7J416IAG" time="2.471">
  <properties/>
  <testcase name="presign_then_complete_promotes_to_available()" classname="com.healyn.files.FileIntegrationTest" time="0.654"/>
  <testcase name="oversize_file_is_rejected_at_presign()" classname="com.healyn.files.FileIntegrationTest" time="0.329"/>
  <testcase name="unsupported_mime_is_rejected_at_presign()" classname="com.healyn.files.FileIntegrationTest" time="0.323"/>
  <testcase name="presign_for_unowned_patient_is_forbidden()" classname="com.healyn.files.FileIntegrationTest" time="0.748"/>
  <testcase name="complete_quarantines_when_magic_bytes_mismatch()" classname="com.healyn.files.FileIntegrationTest" time="0.412"/>
  <system-out><![CDATA[2026-06-06T11:13:02.350+05:30 WARN  [,,] i.l.core.protocol.ConnectionWatchdog - Cannot reconnect to [localhost/<unresolved>:54669]: Connection refused: getsockopt: localhost/127.0.0.1:54669

  .   ____          _            __ _ _
 /\\ / ___'_ __ _ _(_)_ __  __ _ \ \ \ \
( ( )\___ | '_ | '_| | '_ \/ _` | \ \ \ \
 \\/  ___)| |_)| | | | | || (_| |  ) ) ) )
  '  |____| .__|_| |_|_| |_\__, | / / / /
 =========|_|==============|___/=/_/_/_/

 :: Spring Boot ::                (v3.3.5)

2026-06-06T11:13:03.640+05:30 INFO  [,,] c.healyn.files.FileIntegrationTest - Starting FileIntegrationTest using Java 21.0.10 with PID 16088 (started by Shivam jaiswal in C:\CloudeCode\Healyn\backend)
2026-06-06T11:13:03.642+05:30 INFO  [,,] c.healyn.files.FileIntegrationTest - The following 1 profile is active: "test"
2026-06-06T11:13:04.558+05:30 WARN  [,,] i.l.core.protocol.ConnectionWatchdog - Cannot reconnect to [localhost/<unresolved>:54786]: Connection refused: getsockopt: localhost/127.0.0.1:54786
2026-06-06T11:13:04.942+05:30 WARN  [,,] i.l.core.protocol.ConnectionWatchdog - Cannot reconnect to [localhost/<unresolved>:54762]: Connection refused: getsockopt: localhost/127.0.0.1:54762
2026-06-06T11:13:05.418+05:30 WARN  [,,] i.l.core.protocol.ConnectionWatchdog - Cannot reconnect to [localhost/<unresolved>:54722]: Connection refused: getsockopt: localhost/127.0.0.1:54722
2026-06-06T11:13:06.244+05:30 WARN  [,,] c.healyn.auth.service.JwtKeyProvider - JWT keys not configured — generating ephemeral RSA-2048 keypair (active profile only).
2026-06-06T11:13:06.547+05:30 INFO  [,,] c.h.n.config.NotificationsConfig - FCM credentials-path not configured — using logging sender (no push delivery).
2026-06-06T11:13:07.252+05:30 INFO  [,,] c.healyn.files.FileIntegrationTest - Started FileIntegrationTest in 3.644 seconds (process running for 110.935)
2026-06-06T11:13:10.395+05:30 WARN  [,,] i.l.core.protocol.ConnectionWatchdog - Cannot reconnect to [localhost/<unresolved>:54815]: Connection closed prematurely
io.lettuce.core.RedisConnectionException: Connection closed prematurely
	at io.lettuce.core.protocol.RedisHandshakeHandler.channelInactive(RedisHandshakeHandler.java:91)
	at io.netty.channel.AbstractChannelHandlerContext.invokeChannelInactive(AbstractChannelHandlerContext.java:303)
	at io.netty.channel.AbstractChannelHandlerContext.invokeChannelInactive(AbstractChannelHandlerContext.java:281)
	at io.netty.channel.AbstractChannelHandlerContext.fireChannelInactive(AbstractChannelHandlerContext.java:274)
	at io.netty.channel.ChannelInboundHandlerAdapter.channelInactive(ChannelInboundHandlerAdapter.java:81)
	at io.lettuce.core.ChannelGroupListener.channelInactive(ChannelGroupListener.java:69)
	at io.netty.channel.AbstractChannelHandlerContext.invokeChannelInactive(AbstractChannelHandlerContext.java:303)
	at io.netty.channel.AbstractChannelHandlerContext.invokeChannelInactive(AbstractChannelHandlerContext.java:281)
	at io.netty.channel.AbstractChannelHandlerContext.fireChannelInactive(AbstractChannelHandlerContext.java:274)
	at io.netty.channel.DefaultChannelPipeline$HeadContext.channelInactive(DefaultChannelPipeline.java:1352)
	at io.netty.channel.AbstractChannelHandlerContext.invokeChannelInactive(AbstractChannelHandlerContext.java:301)
	at io.netty.channel.AbstractChannelHandlerContext.invokeChannelInactive(AbstractChannelHandlerContext.java:281)
	at io.netty.channel.DefaultChannelPipeline.fireChannelInactive(DefaultChannelPipeline.java:850)
	at io.netty.channel.AbstractChannel$AbstractUnsafe$7.run(AbstractChannel.java:811)
	at io.netty.util.concurrent.AbstractEventExecutor.runTask(AbstractEventExecutor.java:173)
	at io.netty.util.concurrent.AbstractEventExecutor.safeExecute(AbstractEventExecutor.java:166)
	at io.netty.util.concurrent.SingleThreadEventExecutor.runAllTasks(SingleThreadEventExecutor.java:472)
	at io.netty.channel.nio.NioEventLoop.run(NioEventLoop.java:566)
	at io.netty.util.concurrent.SingleThreadEventExecutor$4.run(SingleThreadEventExecutor.java:997)
	at io.netty.util.internal.ThreadExecutorMap$2.run(ThreadExecutorMap.java:74)
	at io.netty.util.concurrent.FastThreadLocalRunnable.run(FastThreadLocalRunnable.java:30)
	at java.base/java.lang.Thread.run(Unknown Source)
]]></system-out>
  <system-err><![CDATA[]]></system-err>
</testsuite>
