<?xml version="1.0" encoding="UTF-8"?>
<testsuite name="com.healyn.notifications.OutboxDispatcherIntegrationTest" tests="2" skipped="0" failures="0" errors="0" timestamp="2026-06-06T05:43:36" hostname="LAPTOP-7J416IAG" time="0.17">
  <properties/>
  <testcase name="due_row_with_no_tokens_is_terminal_sent()" classname="com.healyn.notifications.OutboxDispatcherIntegrationTest" time="0.126"/>
  <testcase name="due_row_with_a_live_token_is_delivered_and_marked_sent()" classname="com.healyn.notifications.OutboxDispatcherIntegrationTest" time="0.043"/>
  <system-out><![CDATA[2026-06-06T11:13:32.452+05:30 WARN  [,,] i.l.core.protocol.ConnectionWatchdog - Cannot reconnect to [localhost/<unresolved>:54669]: Connection refused: getsockopt: localhost/127.0.0.1:54669

  .   ____          _            __ _ _
 /\\ / ___'_ __ _ _(_)_ __  __ _ \ \ \ \
( ( )\___ | '_ | '_| | '_ \/ _` | \ \ \ \
 \\/  ___)| |_)| | | | | || (_| |  ) ) ) )
  '  |____| .__|_| |_|_| |_\__, | / / / /
 =========|_|==============|___/=/_/_/_/

 :: Spring Boot ::                (v3.3.5)

2026-06-06T11:13:33.259+05:30 INFO  [,,] c.h.n.OutboxDispatcherIntegrationTest - Starting OutboxDispatcherIntegrationTest using Java 21.0.10 with PID 16088 (started by Shivam jaiswal in C:\CloudeCode\Healyn\backend)
2026-06-06T11:13:33.259+05:30 INFO  [,,] c.h.n.OutboxDispatcherIntegrationTest - The following 1 profile is active: "test"
2026-06-06T11:13:33.348+05:30 WARN  [,,] i.l.core.protocol.ConnectionWatchdog - Cannot reconnect to [localhost/<unresolved>:54786]: Connection refused: getsockopt: localhost/127.0.0.1:54786
2026-06-06T11:13:34.309+05:30 WARN  [,,] i.l.core.protocol.ConnectionWatchdog - Cannot reconnect to [localhost/<unresolved>:54873]: Connection refused: getsockopt: localhost/127.0.0.1:54873
2026-06-06T11:13:35.517+05:30 WARN  [,,] i.l.core.protocol.ConnectionWatchdog - Cannot reconnect to [localhost/<unresolved>:54722]: Connection refused: getsockopt: localhost/127.0.0.1:54722
2026-06-06T11:13:35.885+05:30 WARN  [,,] c.healyn.auth.service.JwtKeyProvider - JWT keys not configured — generating ephemeral RSA-2048 keypair (active profile only).
2026-06-06T11:13:36.158+05:30 INFO  [,,] c.h.n.config.NotificationsConfig - FCM credentials-path not configured — using logging sender (no push delivery).
2026-06-06T11:13:36.853+05:30 INFO  [,,] c.h.n.OutboxDispatcherIntegrationTest - Started OutboxDispatcherIntegrationTest in 3.638 seconds (process running for 140.536)
2026-06-06T11:13:37.011+05:30 INFO  [,,] c.h.n.adapter.LoggingFcmSender - FCM dispatch (logging adapter) kind=BOOKING_CONFIRMED tokenFp=ccaeca27 payloadKeys=[appointmentId]
2026-06-06T11:13:37.073+05:30 WARN  [,,] i.l.core.protocol.ConnectionWatchdog - Cannot reconnect to [localhost/<unresolved>:54845]: Connection refused: getsockopt: localhost/127.0.0.1:54845
]]></system-out>
  <system-err><![CDATA[]]></system-err>
</testsuite>
