<?xml version="1.0" encoding="UTF-8"?>
<testsuite name="com.healyn.auth.service.RefreshTokensTest" tests="2" skipped="0" failures="0" errors="0" timestamp="2026-06-06T05:42:21" hostname="LAPTOP-7J416IAG" time="0.004">
  <properties/>
  <testcase name="generated_tokens_are_unique_and_long()" classname="com.healyn.auth.service.RefreshTokensTest" time="0.002"/>
  <testcase name="hash_is_deterministic_and_32_bytes()" classname="com.healyn.auth.service.RefreshTokensTest" time="0.001"/>
  <system-out><![CDATA[]]></system-out>
  <system-err><![CDATA[]]></system-err>
</testsuite>
