<?xml version="1.0" encoding="UTF-8"?>
<testsuite name="com.healyn.audit.AuditLoggerTest" tests="2" skipped="0" failures="0" errors="0" timestamp="2026-06-06T05:42:04" hostname="LAPTOP-7J416IAG" time="0.065">
  <properties/>
  <testcase name="record_allows_null_metadata()" classname="com.healyn.audit.AuditLoggerTest" time="0.06"/>
  <testcase name="record_persists_entry_with_supplied_fields()" classname="com.healyn.audit.AuditLoggerTest" time="0.004"/>
  <system-out><![CDATA[]]></system-out>
  <system-err><![CDATA[]]></system-err>
</testsuite>
